{
  "stats": {
    "suites": 1,
    "tests": 1,
    "passes": 1,
    "pending": 0,
    "failures": 0,
    "start": "2024-11-04T16:49:28.907Z",
    "end": "2024-11-04T16:49:30.788Z",
    "duration": 1881,
    "testsRegistered": 1,
    "passPercent": 100,
    "pendingPercent": 0,
    "other": 0,
    "hasOther": false,
    "skipped": 0,
    "hasSkipped": false
  },
  "results": [
    {
      "uuid": "9c6aeed4-2fce-42ab-9544-231c8975669a",
      "title": "",
      "fullFile": "cypress/e2e/a11y.cy.js",
      "file": "cypress/e2e/a11y.cy.js",
      "beforeHooks": [],
      "afterHooks": [],
      "tests": [],
      "suites": [
        {
          "uuid": "5f6822e5-4b3f-4379-aa85-e50cd8b71837",
          "title": "Page accessibility tests",
          "fullFile": "",
          "file": "",
          "beforeHooks": [],
          "afterHooks": [],
          "tests": [
            {
              "title": "Should have no accessibility violations on https://wp.dgw.ltd/",
              "fullTitle": "Page accessibility tests Should have no accessibility violations on https://wp.dgw.ltd/",
              "timedOut": null,
              "duration": 845,
              "state": "passed",
              "speed": "fast",
              "pass": true,
              "fail": false,
              "pending": false,
              "context": null,
              "code": "cy.visit(url);\ncy.injectAxe();\ncy.checkA11y(null, {\n  runOnly: {\n    type: 'tag',\n    values: ['wcag2a', 'wcag2aa'] // WCAG 2.1 Level A and Level AA rules\n  }\n}, violations => {\n  if (violations.length) {\n    let errorSummaries = [];\n    let detailedErrors = [];\n    let totalCount = 0;\n    violations.forEach(violation => {\n      totalCount += violation.nodes.length;\n      violation.nodes.forEach(node => {\n        const summary = `Error: ${violation.id}, Impact: ${violation.impact}`;\n        const details = `\n          ID: ${violation.id}\n          Target: ${node.target.join(', ')}\n          Impact: ${violation.impact}\n          Description: ${violation.description}\n          Help: ${violation.help}\n          Help URL: ${violation.helpUrl}\n          HTML: ${node.html}\n          Failure Summary: ${node.failureSummary}\\n`;\n        // Log each violation with a concise summary and detailed report\n        Cypress.log({\n          name: 'a11y error!',\n          consoleProps: () => ({\n            violation\n          }),\n          message: summary\n        });\n        errorSummaries.push(summary);\n        detailedErrors.push(details);\n      });\n    });\n    // Concatenate all errors into a single message with a total count\n    const errorReport = `Total Accessibility Violations: ${totalCount}\\n\\nAccessibility Violations Summary:\\n${errorSummaries.join('\\n')}\\n\\nDetailed Errors:\\n${detailedErrors.join('\\n')}`;\n    throw new Error(errorReport);\n  }\n});",
              "err": {},
              "uuid": "383f8deb-a52a-49bb-9706-221afd0b09fc",
              "parentUUID": "5f6822e5-4b3f-4379-aa85-e50cd8b71837",
              "isHook": false,
              "skipped": false
            }
          ],
          "suites": [],
          "passes": [
            "383f8deb-a52a-49bb-9706-221afd0b09fc"
          ],
          "failures": [],
          "pending": [],
          "skipped": [],
          "duration": 845,
          "root": false,
          "rootEmpty": false,
          "_timeout": 2000
        }
      ],
      "passes": [],
      "failures": [],
      "pending": [],
      "skipped": [],
      "duration": 0,
      "root": true,
      "rootEmpty": true,
      "_timeout": 2000
    }
  ],
  "meta": {
    "mocha": {
      "version": "7.0.1"
    },
    "mochawesome": {
      "options": {
        "quiet": true,
        "reportFilename": "results",
        "saveHtml": true,
        "saveJson": true,
        "consoleReporter": "spec",
        "useInlineDiffs": false,
        "code": true
      },
      "version": "7.1.3"
    },
    "marge": {
      "options": {
        "reportDir": "cypress/reports/mocha",
        "reportFilename": "results",
        "quiet": true,
        "overwrite": false,
        "html": true,
        "json": true
      },
      "version": "6.2.0"
    }
  }
}