{
  "stats": {
    "suites": 1,
    "tests": 2,
    "passes": 1,
    "pending": 0,
    "failures": 1,
    "start": "2024-05-09T10:09:39.253Z",
    "end": "2024-05-09T10:09:49.672Z",
    "duration": 10419,
    "testsRegistered": 2,
    "passPercent": 50,
    "pendingPercent": 0,
    "other": 0,
    "hasOther": false,
    "skipped": 0,
    "hasSkipped": false
  },
  "results": [
    {
      "uuid": "3b78d017-87e5-45c2-9616-89e2f5d7aadd",
      "title": "",
      "fullFile": "cypress/e2e/lighthouse.cy.js",
      "file": "cypress/e2e/lighthouse.cy.js",
      "beforeHooks": [],
      "afterHooks": [],
      "tests": [],
      "suites": [
        {
          "uuid": "95009259-7b77-4c66-811b-cd7b711ebc9a",
          "title": "Lighthouse Audits",
          "fullFile": "",
          "file": "",
          "beforeHooks": [],
          "afterHooks": [],
          "tests": [
            {
              "title": "should perform a Lighthouse audit for mobile",
              "fullTitle": "Lighthouse Audits should perform a Lighthouse audit for mobile",
              "timedOut": null,
              "duration": 9154,
              "state": "passed",
              "speed": "medium",
              "pass": true,
              "fail": false,
              "pending": false,
              "context": null,
              "code": "cy.task('lighthouseAudit', {\n  url: 'https://chancerylaneproject.org',\n  opts: {\n    logLevel: 'info',\n    onlyCategories: ['performance', 'accessibility', 'best-practices', 'seo'],\n    emulatedFormFactor: 'mobile' // Set to 'mobile' for mobile audit\n  },\n  config: {\n    extends: 'lighthouse:default',\n    settings: {\n      onlyCategories: ['performance', 'accessibility', 'seo', 'best-practices'],\n      onlyAudits: ['first-contentful-paint', 'speed-index', 'largest-contentful-paint', 'cumulative-layout-shift', 'total-blocking-time']\n    }\n  }\n}).then(({\n  lhr,\n  report\n}) => {\n  expect(lhr).to.have.property('categories');\n  expect(lhr.categories.performance.score).to.be.greaterThan(0.5);\n  // Write the HTML report\n  cy.writeFile('cypress/reports/lighthouse/lighthouse-report-mobile.html', report);\n  // Save the JSON report\n  cy.writeFile('cypress/reports/lighthouse/lighthouse-report-mobile.json', JSON.stringify(lhr));\n});",
              "err": {},
              "uuid": "dc887573-c1e0-4d13-8950-23b263e44bdc",
              "parentUUID": "95009259-7b77-4c66-811b-cd7b711ebc9a",
              "isHook": false,
              "skipped": false
            },
            {
              "title": "should perform a Lighthouse audit for desktop",
              "fullTitle": "Lighthouse Audits should perform a Lighthouse audit for desktop",
              "timedOut": null,
              "duration": 1210,
              "state": "failed",
              "speed": null,
              "pass": false,
              "fail": true,
              "pending": false,
              "context": null,
              "code": "cy.task('lighthouseAudit', {\n  url: 'https://chancerylaneproject.org',\n  opts: {\n    logLevel: 'info',\n    onlyCategories: ['performance', 'accessibility', 'best-practices', 'seo'],\n    formFactor: 'desktop' // Set to 'desktop' for desktop audit\n  },\n  config: {\n    extends: 'lighthouse:default',\n    settings: {\n      onlyCategories: ['performance', 'accessibility', 'seo', 'best-practices'],\n      onlyAudits: ['first-contentful-paint', 'speed-index', 'largest-contentful-paint', 'cumulative-layout-shift', 'total-blocking-time']\n    }\n  }\n}).then(({\n  lhr,\n  report\n}) => {\n  expect(lhr).to.have.property('categories');\n  expect(lhr.categories.performance.score).to.be.greaterThan(0.5);\n  // Write the HTML report\n  cy.writeFile('cypress/reports/lighthouse/lighthouse-report-desktop.html', report);\n  // Save the JSON report\n  cy.writeFile('cypress/reports/lighthouse/lighthouse-report-desktop.json', JSON.stringify(lhr));\n});",
              "err": {
                "message": "CypressError: `cy.task('lighthouseAudit')` failed with the following error:\n\n> Screen emulation mobile setting (true) does not match formFactor setting (desktop). See https://github.com/GoogleChrome/lighthouse/blob/main/docs/emulation.md\n\nhttps://on.cypress.io/api/task",
                "estack": "CypressError: `cy.task('lighthouseAudit')` failed with the following error:\n\n> Screen emulation mobile setting (true) does not match formFactor setting (desktop). See https://github.com/GoogleChrome/lighthouse/blob/main/docs/emulation.md\n\nhttps://on.cypress.io/api/task\n    at <unknown> (http://localhost:61292/__cypress/runner/cypress_runner.js:135398:70)\n    at tryCatcher (http://localhost:61292/__cypress/runner/cypress_runner.js:1807:23)\n    at Promise._settlePromiseFromHandler (http://localhost:61292/__cypress/runner/cypress_runner.js:1519:31)\n    at Promise._settlePromise (http://localhost:61292/__cypress/runner/cypress_runner.js:1576:18)\n    at Promise._settlePromise0 (http://localhost:61292/__cypress/runner/cypress_runner.js:1621:10)\n    at Promise._settlePromises (http://localhost:61292/__cypress/runner/cypress_runner.js:1697:18)\n    at _drainQueueStep (http://localhost:61292/__cypress/runner/cypress_runner.js:2407:12)\n    at _drainQueue (http://localhost:61292/__cypress/runner/cypress_runner.js:2400:9)\n    at Async._drainQueues (http://localhost:61292/__cypress/runner/cypress_runner.js:2416:5)\n    at Async.drainQueues (http://localhost:61292/__cypress/runner/cypress_runner.js:2286:14)\nFrom Your Spec Code:\n    at Context.eval (webpack://cfc/./cypress/e2e/lighthouse.cy.js:36:7)\n\nFrom Node.js Internals:\n  Error: Screen emulation mobile setting (true) does not match formFactor setting (desktop). See https://github.com/GoogleChrome/lighthouse/blob/main/docs/emulation.md\n      at Module.assertValidSettings (file:///Users/richholman/Localhost/www/chancerylane/website/wp-content/themes/contracts-for-change/node_modules/lighthouse/core/config/validation.js:177:13)\n      at resolveSettings (file:///Users/richholman/Localhost/www/chancerylane/website/wp-content/themes/contracts-for-change/node_modules/lighthouse/core/config/config-helpers.js:358:14)\n      at initializeConfig (file:///Users/richholman/Localhost/www/chancerylane/website/wp-content/themes/contracts-for-change/node_modules/lighthouse/core/config/config.js:232:20)\n      at async navigationGather (file:///Users/richholman/Localhost/www/chancerylane/website/wp-content/themes/contracts-for-change/node_modules/lighthouse/core/gather/navigation-runner.js:264:28)\n      at async navigation (file:///Users/richholman/Localhost/www/chancerylane/website/wp-content/themes/contracts-for-change/node_modules/lighthouse/core/index.js:58:24)",
                "diff": null
              },
              "uuid": "4a862ff6-de48-41e9-a769-f5100ccf36d2",
              "parentUUID": "95009259-7b77-4c66-811b-cd7b711ebc9a",
              "isHook": false,
              "skipped": false
            }
          ],
          "suites": [],
          "passes": [
            "dc887573-c1e0-4d13-8950-23b263e44bdc"
          ],
          "failures": [
            "4a862ff6-de48-41e9-a769-f5100ccf36d2"
          ],
          "pending": [],
          "skipped": [],
          "duration": 10364,
          "root": false,
          "rootEmpty": false,
          "_timeout": 2000
        }
      ],
      "passes": [],
      "failures": [],
      "pending": [],
      "skipped": [],
      "duration": 0,
      "root": true,
      "rootEmpty": true,
      "_timeout": 2000
    }
  ],
  "meta": {
    "mocha": {
      "version": "7.0.1"
    },
    "mochawesome": {
      "options": {
        "quiet": true,
        "reportFilename": "results",
        "saveHtml": true,
        "saveJson": true,
        "consoleReporter": "spec",
        "useInlineDiffs": false,
        "code": true
      },
      "version": "7.1.3"
    },
    "marge": {
      "options": {
        "reportDir": "cypress/reports/mocha",
        "reportFilename": "results",
        "quiet": true,
        "overwrite": false,
        "html": true,
        "json": true
      },
      "version": "6.2.0"
    }
  }
}