{
  "stats": {
    "suites": 1,
    "tests": 1,
    "passes": 1,
    "pending": 0,
    "failures": 0,
    "start": "2024-11-04T15:37:57.923Z",
    "end": "2024-11-04T15:38:00.806Z",
    "duration": 2883,
    "testsRegistered": 1,
    "passPercent": 100,
    "pendingPercent": 0,
    "other": 0,
    "hasOther": false,
    "skipped": 0,
    "hasSkipped": false
  },
  "results": [
    {
      "uuid": "5e385992-c2b3-41fc-96c2-0d5e66895471",
      "title": "",
      "fullFile": "cypress/e2e/sw.cy.js",
      "file": "cypress/e2e/sw.cy.js",
      "beforeHooks": [],
      "afterHooks": [],
      "tests": [],
      "suites": [
        {
          "uuid": "4677064c-9f37-44dd-a688-7200a902280b",
          "title": "Service Worker and Cache Test",
          "fullFile": "",
          "file": "",
          "beforeHooks": [],
          "afterHooks": [],
          "tests": [
            {
              "title": "should register service worker and check cache",
              "fullTitle": "Service Worker and Cache Test should register service worker and check cache",
              "timedOut": null,
              "duration": 1982,
              "state": "passed",
              "speed": "fast",
              "pass": true,
              "fail": false,
              "pending": false,
              "context": null,
              "code": "cy.visit(url);\n// Register the service worker\ncy.window().then(win => {\n  return win.navigator.serviceWorker.register('/sw.js');\n}).then(() => {\n  // Wait for 1 second\n  cy.wait(1000);\n  // Open the cache and match the offline.html file\n  cy.window().then(win => {\n    return win.caches.open('dgwltd-1.2.184').then(cache => {\n      return cache.match(`${THEME_PATH}dist/offline.html`);\n    });\n  }).then(response => {\n    // Assert that the response is not null\n    expect(response).to.not.be.null;\n  });\n});",
              "err": {},
              "uuid": "c3cb3070-e2c3-4c98-8bc1-a9efcba8bb15",
              "parentUUID": "4677064c-9f37-44dd-a688-7200a902280b",
              "isHook": false,
              "skipped": false
            }
          ],
          "suites": [],
          "passes": [
            "c3cb3070-e2c3-4c98-8bc1-a9efcba8bb15"
          ],
          "failures": [],
          "pending": [],
          "skipped": [],
          "duration": 1982,
          "root": false,
          "rootEmpty": false,
          "_timeout": 2000
        }
      ],
      "passes": [],
      "failures": [],
      "pending": [],
      "skipped": [],
      "duration": 0,
      "root": true,
      "rootEmpty": true,
      "_timeout": 2000
    }
  ],
  "meta": {
    "mocha": {
      "version": "7.0.1"
    },
    "mochawesome": {
      "options": {
        "quiet": true,
        "reportFilename": "results",
        "saveHtml": true,
        "saveJson": true,
        "consoleReporter": "spec",
        "useInlineDiffs": false,
        "code": true
      },
      "version": "7.1.3"
    },
    "marge": {
      "options": {
        "reportDir": "cypress/reports/mocha",
        "reportFilename": "results",
        "quiet": true,
        "overwrite": false,
        "html": true,
        "json": true
      },
      "version": "6.2.0"
    }
  }
}