{
  "stats": {
    "suites": 1,
    "tests": 1,
    "passes": 1,
    "pending": 0,
    "failures": 0,
    "start": "2024-11-04T16:49:59.399Z",
    "end": "2024-11-04T16:50:01.862Z",
    "duration": 2463,
    "testsRegistered": 1,
    "passPercent": 100,
    "pendingPercent": 0,
    "other": 0,
    "hasOther": false,
    "skipped": 0,
    "hasSkipped": false
  },
  "results": [
    {
      "uuid": "ec27f065-21f1-4bca-ba42-a940405d08ce",
      "title": "",
      "fullFile": "cypress/e2e/sw.cy.js",
      "file": "cypress/e2e/sw.cy.js",
      "beforeHooks": [],
      "afterHooks": [],
      "tests": [],
      "suites": [
        {
          "uuid": "b1eba0a3-dab0-4a56-9ba5-807c9f7e3a9a",
          "title": "Service Worker and Cache Test",
          "fullFile": "",
          "file": "",
          "beforeHooks": [],
          "afterHooks": [],
          "tests": [
            {
              "title": "should register service worker and check cache",
              "fullTitle": "Service Worker and Cache Test should register service worker and check cache",
              "timedOut": null,
              "duration": 1517,
              "state": "passed",
              "speed": "fast",
              "pass": true,
              "fail": false,
              "pending": false,
              "context": null,
              "code": "cy.visit(url);\n// Register the service worker\ncy.window().then(win => {\n  return win.navigator.serviceWorker.register('/sw.js');\n}).then(() => {\n  // Wait for 1 second\n  cy.wait(1000);\n  // Open the cache and match the offline.html file\n  cy.window().then(win => {\n    return win.caches.open(`dgwltd-${VERSION}`).then(cache => {\n      return cache.match(`${THEME_PATH}dist/offline.html`);\n    });\n  }).then(response => {\n    // Assert that the response is not null\n    expect(response).to.not.be.null;\n  });\n});",
              "err": {},
              "uuid": "ce9ab816-eb74-43e1-8017-52886594157e",
              "parentUUID": "b1eba0a3-dab0-4a56-9ba5-807c9f7e3a9a",
              "isHook": false,
              "skipped": false
            }
          ],
          "suites": [],
          "passes": [
            "ce9ab816-eb74-43e1-8017-52886594157e"
          ],
          "failures": [],
          "pending": [],
          "skipped": [],
          "duration": 1517,
          "root": false,
          "rootEmpty": false,
          "_timeout": 2000
        }
      ],
      "passes": [],
      "failures": [],
      "pending": [],
      "skipped": [],
      "duration": 0,
      "root": true,
      "rootEmpty": true,
      "_timeout": 2000
    }
  ],
  "meta": {
    "mocha": {
      "version": "7.0.1"
    },
    "mochawesome": {
      "options": {
        "quiet": true,
        "reportFilename": "results",
        "saveHtml": true,
        "saveJson": true,
        "consoleReporter": "spec",
        "useInlineDiffs": false,
        "code": true
      },
      "version": "7.1.3"
    },
    "marge": {
      "options": {
        "reportDir": "cypress/reports/mocha",
        "reportFilename": "results",
        "quiet": true,
        "overwrite": false,
        "html": true,
        "json": true
      },
      "version": "6.2.0"
    }
  }
}