{
  "stats": {
    "suites": 1,
    "tests": 1,
    "passes": 0,
    "pending": 0,
    "failures": 1,
    "start": "2024-10-28T17:21:01.275Z",
    "end": "2024-10-28T17:21:01.385Z",
    "duration": 110,
    "testsRegistered": 1,
    "passPercent": 0,
    "pendingPercent": 0,
    "other": 0,
    "hasOther": false,
    "skipped": 0,
    "hasSkipped": false
  },
  "results": [
    {
      "uuid": "580da096-cef2-4542-b384-96b235a13474",
      "title": "",
      "fullFile": "cypress/e2e/sw.cy.js",
      "file": "cypress/e2e/sw.cy.js",
      "beforeHooks": [],
      "afterHooks": [],
      "tests": [],
      "suites": [
        {
          "uuid": "d8c2e60d-c63d-4a43-840c-d95a68ad1d68",
          "title": "Service Worker and Cache Test",
          "fullFile": "",
          "file": "",
          "beforeHooks": [],
          "afterHooks": [],
          "tests": [
            {
              "title": "should register service worker and check cache",
              "fullTitle": "Service Worker and Cache Test should register service worker and check cache",
              "timedOut": null,
              "duration": 100,
              "state": "failed",
              "speed": null,
              "pass": false,
              "fail": true,
              "pending": false,
              "context": null,
              "code": "// Register the service worker\ncy.window().then(win => {\n  return win.navigator.serviceWorker.register('/sw.js');\n}).then(() => {\n  // Wait for 1 second\n  cy.wait(1000);\n  // Open the cache and match the offline.html file\n  cy.window().then(win => {\n    return win.caches.open('dgwltd-1.2.184').then(cache => {\n      return cache.match(`${THEME_PATH}/dist/offline.html`);\n    });\n  }).then(response => {\n    // Assert that the response is not null\n    expect(response).to.not.be.null;\n  });\n});",
              "err": {
                "message": "InvalidStateError: Failed to register a ServiceWorker: The document is in an invalid state.",
                "estack": "InvalidStateError: Failed to register a ServiceWorker: The document is in an invalid state.",
                "diff": null
              },
              "uuid": "1ca5b8ad-8745-429f-a309-64d23546217f",
              "parentUUID": "d8c2e60d-c63d-4a43-840c-d95a68ad1d68",
              "isHook": false,
              "skipped": false
            }
          ],
          "suites": [],
          "passes": [],
          "failures": [
            "1ca5b8ad-8745-429f-a309-64d23546217f"
          ],
          "pending": [],
          "skipped": [],
          "duration": 100,
          "root": false,
          "rootEmpty": false,
          "_timeout": 2000
        }
      ],
      "passes": [],
      "failures": [],
      "pending": [],
      "skipped": [],
      "duration": 0,
      "root": true,
      "rootEmpty": true,
      "_timeout": 2000
    }
  ],
  "meta": {
    "mocha": {
      "version": "7.0.1"
    },
    "mochawesome": {
      "options": {
        "quiet": true,
        "reportFilename": "results",
        "saveHtml": true,
        "saveJson": true,
        "consoleReporter": "spec",
        "useInlineDiffs": false,
        "code": true
      },
      "version": "7.1.3"
    },
    "marge": {
      "options": {
        "reportDir": "cypress/reports/mocha",
        "reportFilename": "results",
        "quiet": true,
        "overwrite": false,
        "html": true,
        "json": true
      },
      "version": "6.2.0"
    }
  }
}