{
  "stats": {
    "suites": 1,
    "tests": 2,
    "passes": 0,
    "pending": 0,
    "failures": 2,
    "start": "2025-04-07T14:06:30.914Z",
    "end": "2025-04-07T14:06:35.416Z",
    "duration": 4502,
    "testsRegistered": 2,
    "passPercent": 0,
    "pendingPercent": 0,
    "other": 0,
    "hasOther": false,
    "skipped": 0,
    "hasSkipped": false
  },
  "results": [
    {
      "uuid": "4e6fc621-3907-4d83-9fbc-6045a11d2e81",
      "title": "",
      "fullFile": "cypress/e2e/lighthouse.cy.js",
      "file": "cypress/e2e/lighthouse.cy.js",
      "beforeHooks": [],
      "afterHooks": [],
      "tests": [],
      "suites": [
        {
          "uuid": "73d46e8c-b69a-4e99-86da-6d9f7f3c615f",
          "title": "Lighthouse Audits",
          "fullFile": "",
          "file": "",
          "beforeHooks": [],
          "afterHooks": [],
          "tests": [
            {
              "title": "should perform a Lighthouse audit for mobile",
              "fullTitle": "Lighthouse Audits should perform a Lighthouse audit for mobile",
              "timedOut": null,
              "duration": 2454,
              "state": "failed",
              "speed": null,
              "pass": false,
              "fail": true,
              "pending": false,
              "context": null,
              "code": "cy.task('lighthouseAudit', {\n  url: 'https://dgw.ltd/',\n  opts: {\n    logLevel: 'info',\n    onlyCategories: ['performance', 'accessibility', 'best-practices', 'seo']\n  },\n  config: {\n    extends: 'lighthouse:default',\n    settings: {\n      onlyCategories: ['performance', 'accessibility', 'seo', 'best-practices'],\n      onlyAudits: ['first-contentful-paint', 'speed-index', 'largest-contentful-paint', 'cumulative-layout-shift', 'total-blocking-time']\n    }\n  }\n}).then(({\n  lhr,\n  report\n}) => {\n  expect(lhr).to.have.property('categories');\n  expect(lhr.categories.performance.score).to.be.greaterThan(0.5);\n  // Write the HTML report\n  cy.writeFile('cypress/reports/lighthouse/lighthouse-report-mobile.html', report);\n  // Save the JSON report\n  cy.writeFile('cypress/reports/lighthouse/lighthouse-report-mobile.json', JSON.stringify(lhr));\n});",
              "err": {
                "message": "CypressError: `cy.task('lighthouseAudit')` failed with the following error:\n\n> connect ECONNREFUSED ::1:62872\n\nhttps://on.cypress.io/api/task",
                "estack": "CypressError: `cy.task('lighthouseAudit')` failed with the following error:\n\n    at <unknown> (> connect ECONNREFUSED ::1:62872)\n    at <unknown> (http://localhost:62787/__cypress/runner/cypress_runner.js:136982:70)\n    at tryCatcher (http://localhost:62787/__cypress/runner/cypress_runner.js:1777:23)\n    at Promise._settlePromiseFromHandler (http://localhost:62787/__cypress/runner/cypress_runner.js:1489:31)\n    at Promise._settlePromise (http://localhost:62787/__cypress/runner/cypress_runner.js:1546:18)\n    at Promise._settlePromise0 (http://localhost:62787/__cypress/runner/cypress_runner.js:1591:10)\n    at Promise._settlePromises (http://localhost:62787/__cypress/runner/cypress_runner.js:1667:18)\n    at _drainQueueStep (http://localhost:62787/__cypress/runner/cypress_runner.js:2377:12)\n    at _drainQueue (http://localhost:62787/__cypress/runner/cypress_runner.js:2370:9)\n    at Async._drainQueues (http://localhost:62787/__cypress/runner/cypress_runner.js:2386:5)\n    at Async.drainQueues (http://localhost:62787/__cypress/runner/cypress_runner.js:2256:14)\nFrom Your Spec Code:\n    at Context.eval (webpack://dgwltd/./cypress/e2e/lighthouse.cy.js:3:7)\n\nFrom Node.js Internals:\n    at <unknown> (      Error: connect ECONNREFUSED ::1:62872)\n    at TCPConnectWrap.afterConnect [as oncomplete] (node:net:1555:16)",
                "diff": null
              },
              "uuid": "b29628e8-49eb-49f8-8752-d91eb880a401",
              "parentUUID": "73d46e8c-b69a-4e99-86da-6d9f7f3c615f",
              "isHook": false,
              "skipped": false
            },
            {
              "title": "should perform a Lighthouse audit for desktop",
              "fullTitle": "Lighthouse Audits should perform a Lighthouse audit for desktop",
              "timedOut": null,
              "duration": 2022,
              "state": "failed",
              "speed": null,
              "pass": false,
              "fail": true,
              "pending": false,
              "context": null,
              "code": "cy.task('lighthouseAudit', {\n  url: 'https://dgw.ltd/',\n  opts: {\n    logLevel: 'info',\n    onlyCategories: ['performance', 'accessibility', 'best-practices', 'seo'],\n    formFactor: 'desktop',\n    // Default is mobile, https://github.com/GoogleChrome/lighthouse/blob/main/docs/emulation.md\n    screenEmulation: {\n      mobile: false,\n      width: 1350,\n      height: 940,\n      deviceScaleFactor: 1,\n      disabled: false\n    }\n  },\n  config: {\n    extends: 'lighthouse:default',\n    settings: {\n      onlyCategories: ['performance', 'accessibility', 'seo', 'best-practices'],\n      onlyAudits: ['first-contentful-paint', 'speed-index', 'largest-contentful-paint', 'cumulative-layout-shift', 'total-blocking-time']\n    }\n  }\n}).then(({\n  lhr,\n  report\n}) => {\n  expect(lhr).to.have.property('categories');\n  expect(lhr.categories.performance.score).to.be.greaterThan(0.5);\n  // Write the HTML report\n  cy.writeFile('cypress/reports/lighthouse/lighthouse-report-desktop.html', report);\n  // Save the JSON report\n  cy.writeFile('cypress/reports/lighthouse/lighthouse-report-desktop.json', JSON.stringify(lhr));\n});",
              "err": {
                "message": "CypressError: `cy.task('lighthouseAudit')` failed with the following error:\n\n> connect ECONNREFUSED ::1:62885\n\nhttps://on.cypress.io/api/task",
                "estack": "CypressError: `cy.task('lighthouseAudit')` failed with the following error:\n\n    at <unknown> (> connect ECONNREFUSED ::1:62885)\n    at <unknown> (http://localhost:62787/__cypress/runner/cypress_runner.js:136982:70)\n    at tryCatcher (http://localhost:62787/__cypress/runner/cypress_runner.js:1777:23)\n    at Promise._settlePromiseFromHandler (http://localhost:62787/__cypress/runner/cypress_runner.js:1489:31)\n    at Promise._settlePromise (http://localhost:62787/__cypress/runner/cypress_runner.js:1546:18)\n    at Promise._settlePromise0 (http://localhost:62787/__cypress/runner/cypress_runner.js:1591:10)\n    at Promise._settlePromises (http://localhost:62787/__cypress/runner/cypress_runner.js:1667:18)\n    at _drainQueueStep (http://localhost:62787/__cypress/runner/cypress_runner.js:2377:12)\n    at _drainQueue (http://localhost:62787/__cypress/runner/cypress_runner.js:2370:9)\n    at Async._drainQueues (http://localhost:62787/__cypress/runner/cypress_runner.js:2386:5)\n    at Async.drainQueues (http://localhost:62787/__cypress/runner/cypress_runner.js:2256:14)\nFrom Your Spec Code:\n    at Context.eval (webpack://dgwltd/./cypress/e2e/lighthouse.cy.js:35:7)\n\nFrom Node.js Internals:\n    at <unknown> (      Error: connect ECONNREFUSED ::1:62885)\n    at TCPConnectWrap.afterConnect [as oncomplete] (node:net:1555:16)",
                "diff": null
              },
              "uuid": "ad94ebd0-b0a9-43f4-af18-a2f7784318cc",
              "parentUUID": "73d46e8c-b69a-4e99-86da-6d9f7f3c615f",
              "isHook": false,
              "skipped": false
            }
          ],
          "suites": [],
          "passes": [],
          "failures": [
            "b29628e8-49eb-49f8-8752-d91eb880a401",
            "ad94ebd0-b0a9-43f4-af18-a2f7784318cc"
          ],
          "pending": [],
          "skipped": [],
          "duration": 4476,
          "root": false,
          "rootEmpty": false,
          "_timeout": 2000
        }
      ],
      "passes": [],
      "failures": [],
      "pending": [],
      "skipped": [],
      "duration": 0,
      "root": true,
      "rootEmpty": true,
      "_timeout": 2000
    }
  ],
  "meta": {
    "mocha": {
      "version": "7.0.1"
    },
    "mochawesome": {
      "options": {
        "quiet": true,
        "reportFilename": "results",
        "saveHtml": true,
        "saveJson": true,
        "consoleReporter": "spec",
        "useInlineDiffs": false,
        "code": true
      },
      "version": "7.1.3"
    },
    "marge": {
      "options": {
        "reportDir": "cypress/reports/mocha",
        "reportFilename": "results",
        "quiet": true,
        "overwrite": false,
        "html": true,
        "json": true
      },
      "version": "6.2.0"
    }
  }
}