{
  "stats": {
    "suites": 1,
    "tests": 2,
    "passes": 2,
    "pending": 0,
    "failures": 0,
    "start": "2024-11-04T16:49:31.890Z",
    "end": "2024-11-04T16:49:58.339Z",
    "duration": 26449,
    "testsRegistered": 2,
    "passPercent": 100,
    "pendingPercent": 0,
    "other": 0,
    "hasOther": false,
    "skipped": 0,
    "hasSkipped": false
  },
  "results": [
    {
      "uuid": "a3f267ad-ec53-434d-8b23-5af8c28ca7c1",
      "title": "",
      "fullFile": "cypress/e2e/lighthouse.cy.js",
      "file": "cypress/e2e/lighthouse.cy.js",
      "beforeHooks": [],
      "afterHooks": [],
      "tests": [],
      "suites": [
        {
          "uuid": "cd8a56eb-2fc6-4ea5-a4da-8d6b6894e59c",
          "title": "Lighthouse Audits",
          "fullFile": "",
          "file": "",
          "beforeHooks": [],
          "afterHooks": [],
          "tests": [
            {
              "title": "should perform a Lighthouse audit for mobile",
              "fullTitle": "Lighthouse Audits should perform a Lighthouse audit for mobile",
              "timedOut": null,
              "duration": 14387,
              "state": "passed",
              "speed": "slow",
              "pass": true,
              "fail": false,
              "pending": false,
              "context": null,
              "code": "cy.task('lighthouseAudit', {\n  url: 'https://wp.dgw.ltd/',\n  opts: {\n    logLevel: 'info',\n    onlyCategories: ['performance', 'accessibility', 'best-practices', 'seo']\n  },\n  config: {\n    extends: 'lighthouse:default',\n    settings: {\n      onlyCategories: ['performance', 'accessibility', 'seo', 'best-practices'],\n      onlyAudits: ['first-contentful-paint', 'speed-index', 'largest-contentful-paint', 'cumulative-layout-shift', 'total-blocking-time']\n    }\n  }\n}).then(({\n  lhr,\n  report\n}) => {\n  expect(lhr).to.have.property('categories');\n  expect(lhr.categories.performance.score).to.be.greaterThan(0.5);\n  // Write the HTML report\n  cy.writeFile('cypress/reports/lighthouse/lighthouse-report-mobile.html', report);\n  // Save the JSON report\n  cy.writeFile('cypress/reports/lighthouse/lighthouse-report-mobile.json', JSON.stringify(lhr));\n});",
              "err": {},
              "uuid": "fd618980-676c-48a9-b333-d28edf014528",
              "parentUUID": "cd8a56eb-2fc6-4ea5-a4da-8d6b6894e59c",
              "isHook": false,
              "skipped": false
            },
            {
              "title": "should perform a Lighthouse audit for desktop",
              "fullTitle": "Lighthouse Audits should perform a Lighthouse audit for desktop",
              "timedOut": null,
              "duration": 12017,
              "state": "passed",
              "speed": "slow",
              "pass": true,
              "fail": false,
              "pending": false,
              "context": null,
              "code": "cy.task('lighthouseAudit', {\n  url: 'https://wp.dgw.ltd/',\n  opts: {\n    logLevel: 'info',\n    onlyCategories: ['performance', 'accessibility', 'best-practices', 'seo'],\n    formFactor: 'desktop',\n    // Default is mobile, https://github.com/GoogleChrome/lighthouse/blob/main/docs/emulation.md\n    screenEmulation: {\n      mobile: false,\n      width: 1350,\n      height: 940,\n      deviceScaleFactor: 1,\n      disabled: false\n    }\n  },\n  config: {\n    extends: 'lighthouse:default',\n    settings: {\n      onlyCategories: ['performance', 'accessibility', 'seo', 'best-practices'],\n      onlyAudits: ['first-contentful-paint', 'speed-index', 'largest-contentful-paint', 'cumulative-layout-shift', 'total-blocking-time']\n    }\n  }\n}).then(({\n  lhr,\n  report\n}) => {\n  expect(lhr).to.have.property('categories');\n  expect(lhr.categories.performance.score).to.be.greaterThan(0.5);\n  // Write the HTML report\n  cy.writeFile('cypress/reports/lighthouse/lighthouse-report-desktop.html', report);\n  // Save the JSON report\n  cy.writeFile('cypress/reports/lighthouse/lighthouse-report-desktop.json', JSON.stringify(lhr));\n});",
              "err": {},
              "uuid": "11a922e9-5fef-4e3b-8d6b-b06c48b9f895",
              "parentUUID": "cd8a56eb-2fc6-4ea5-a4da-8d6b6894e59c",
              "isHook": false,
              "skipped": false
            }
          ],
          "suites": [],
          "passes": [
            "fd618980-676c-48a9-b333-d28edf014528",
            "11a922e9-5fef-4e3b-8d6b-b06c48b9f895"
          ],
          "failures": [],
          "pending": [],
          "skipped": [],
          "duration": 26404,
          "root": false,
          "rootEmpty": false,
          "_timeout": 2000
        }
      ],
      "passes": [],
      "failures": [],
      "pending": [],
      "skipped": [],
      "duration": 0,
      "root": true,
      "rootEmpty": true,
      "_timeout": 2000
    }
  ],
  "meta": {
    "mocha": {
      "version": "7.0.1"
    },
    "mochawesome": {
      "options": {
        "quiet": true,
        "reportFilename": "results",
        "saveHtml": true,
        "saveJson": true,
        "consoleReporter": "spec",
        "useInlineDiffs": false,
        "code": true
      },
      "version": "7.1.3"
    },
    "marge": {
      "options": {
        "reportDir": "cypress/reports/mocha",
        "reportFilename": "results",
        "quiet": true,
        "overwrite": false,
        "html": true,
        "json": true
      },
      "version": "6.2.0"
    }
  }
}